iConf CONFORMER     FL  occ    crg   Em0  pKa0 ne nH    vdw0    vdw1    tors    epol   dsolv   extra    history
00001 NTR01A0001_001 f 0.00  0.000     0  0.00  0  0  -0.002  -0.397   2.800   0.004  -0.000   0.000 01O000M000 t
00002 NTR+1A0001_002 f 0.00  1.000     0  8.00  0  1  -0.004  -0.462   0.000   0.881   4.143  -1.300 +1O000M000 t
00003 LYS01A0001_001 f 0.00  0.000     0  0.00  0  0   3.837  -2.402   0.997   0.278   1.361   0.000 01O000M000 t
00004 LYS01A0001_002 f 0.00  0.000     0  0.00  0  0   0.771  -3.166   1.010  -0.004   0.023   0.000 01O001M000 t
00005 LYS01A0001_003 f 0.00  0.000     0  0.00  0  0   0.958  -3.364   1.578  -0.014   0.108   0.000 01O002M000 t
00006 LYS+1A0001_004 f 0.00  1.000     0 10.40  0  1   3.744  -2.457   0.997  -1.297   9.813   0.400 +1O000M000 t
00007 LYS+1A0001_005 f 0.00  1.000     0 10.40  0  1   0.725  -3.173   1.010   0.185   0.759   0.400 +1O001M000 t
00008 LYS+1A0001_006 f 0.00  1.000     0 10.40  0  1   0.888  -3.373   1.578   0.242   0.625   0.400 +1O002M000 t
00009 VAL01A0002_001 f 0.00  0.000     0  0.00  0  0   0.429  -0.974   0.020   0.000   0.000   0.000 01O000M000 t
00010 PHE01A0003_001 f 0.00  0.000     0  0.00  0  0   5.107  -6.692   1.062   0.000   0.000   0.000 01O000M000 t
00011 ARG01A0005_001 f 0.00  0.000     0  0.00  0  0   1.427  -5.436   1.566  -2.127   1.677   0.000 01O000M000 t
00012 ARG02A0005_002 f 0.00  0.000     0  0.00  0  0   1.400  -5.340   1.566  -0.707   2.805   0.000 02O000M000 t
00013 ARG02A0005_003 f 0.00  0.000     0  0.00  0  0   1.477  -5.335   1.566  -0.331   2.596   0.000 02O000M000 t
00014 ARG03A0005_004 f 0.00  0.000     0  0.00  0  0   1.398  -5.436   1.566  -2.104   2.543   0.000 03O000M000 t
00015 ARG+1A0005_005 f 0.00  1.000     0 12.50  0  1   1.354  -5.446   1.566  -3.057   2.950   0.000 +1O000M000 t
00016 CYD01A0006_001 f 0.00  0.000     0  0.00  0  0   0.000  -2.515   0.000   0.000   0.000   0.000 01O000M000 t
00017 GLU01A0007_001 f 0.00  0.000     0  0.00  0  0   1.242  -1.291   3.666   2.875   0.979   0.000 01O000M000 t
00018 GLU01A0007_002 f 0.00  0.000     0  0.00  0  0   1.242  -1.291   0.945  -0.473   0.902   0.000 01O000M000 t
00019 GLU02A0007_003 f 0.00  0.000     0  0.00  0  0   1.062  -2.050   3.665  -1.297   0.061   0.000 02O000M000 t
00020 GLU02A0007_004 f 0.00  0.000     0  0.00  0  0   1.062  -2.050   0.945  -1.229   1.204   0.000 02O000M000 t
00021 GLU-1A0007_005 f 0.00 -1.000     0  4.75  0 -1   0.964  -1.998   0.945  -2.971   1.911  -0.300 -1O000M000 t
00022 LEU01A0008_001 f 0.00  0.000     0  0.00  0  0   1.553  -3.400   0.499   0.000   0.000   0.000 01O000M000 t
00023 ALA01A0009_001 f 0.00  0.000     0  0.00  0  0   0.000  -1.843   0.000   0.000   0.000   0.000 01O000M000 t
00024 ALA01A0010_001 f 0.00  0.000     0  0.00  0  0   0.000  -1.878   0.000   0.000   0.000   0.000 01O000M000 t
00025 ALA01A0011_001 f 0.00  0.000     0  0.00  0  0   0.000  -1.533   0.000   0.000   0.000   0.000 01O000M000 t
00026 MET01A0012_001 f 0.00  0.000     0  0.00  0  0   0.084  -6.238   1.054  -0.020   0.097   0.000 01O000M000 t
00027 LYS01A0013_001 f 0.00  0.000     0  0.00  0  0   0.980  -3.432   1.886  -0.026   0.365   0.000 01O000M000 t
00028 LYS+1A0013_002 f 0.00  1.000     0 10.40  0  1   0.941  -3.445   1.886   0.233   1.192   0.400 +1O000M000 t
00029 ARG01A0014_001 f 0.00  0.000     0  0.00  0  0   2.262  -5.257   1.275   0.035   1.079   0.000 01O000M000 t
00030 ARG02A0014_002 f 0.00  0.000     0  0.00  0  0   2.224  -5.257   1.275   0.064   1.718   0.000 02O000M000 t
00031 ARG03A0014_003 f 0.00  0.000     0  0.00  0  0   2.224  -5.250   1.275   0.039   1.705   0.000 03O000M000 t
00032 ARG+1A0014_004 f 0.00  1.000     0 12.50  0  1   2.180  -5.279   1.275   0.155   0.876   0.000 +1O000M000 t
00033 HIS01A0015_001 f 0.00  0.000     0  0.00  0  0  -0.040  -4.007   0.258   1.062   2.258   0.000 01O000M000 t
00034 HIS01A0015_002 f 0.00  0.000     0  0.00  0  0  -0.043  -3.314   0.149   1.152   2.277   0.000 01X000M000 t
00035 HIS02A0015_003 f 0.00  0.000     0  0.00  0  0  -0.055  -3.975   0.258  -1.326   2.459   0.000 02O000M000 t
00036 HIS+1A0015_004 f 0.00  1.000     0  6.98  0  1  -0.082  -4.012   0.258  -0.638   3.907  -1.000 +1O000M000 t
00037 HIS+1A0015_005 f 0.00  1.000     0  6.98  0  1  -0.087  -2.861   0.145  -1.129   3.864  -1.000 +1X000M000 t
00038 LEU01A0017_001 f 0.00  0.000     0  0.00  0  0   1.861  -3.489   0.731   0.000   0.000   0.000 01O000M000 t
00039 ASP01A0018_001 f 0.00  0.000     0  0.00  0  0   0.151  -1.690   3.064   3.166   1.254   0.000 01O000M000 t
00040 ASP01A0018_002 f 0.00  0.000     0  0.00  0  0   0.151  -1.690   0.344  -0.159   0.713   0.000 01O000M000 t
00041 ASP02A0018_003 f 0.00  0.000     0  0.00  0  0   0.244  -2.191   3.064  -0.958   0.178   0.000 02O000M000 t
00042 ASP02A0018_004 f 0.00  0.000     0  0.00  0  0   0.244  -2.191   0.344  -0.885   1.211   0.000 02O000M000 t
00043 ASP-1A0018_005 f 0.00 -1.000     0  4.75  0 -1   0.148  -2.133   0.344  -3.577   1.774  -0.850 -1O000M000 t
00044 ASN01A0019_001 f 0.00  0.000     0  0.00  0  0   0.389   1.455   1.114  -0.226   0.389   0.000 01O000M000 t
00045 ASN01A0019_002 f 0.00  0.000     0  0.00  0  0   0.151   3.089   0.968   0.720   0.119   0.000 01R001M000 t
00046 TYR01A0020_001 f 0.00  0.000     0  0.00  0  0   5.470  -7.270   0.005   0.123   1.349   0.000 01O000M000 t
00047 TYR01A0020_002 f 0.00  0.000     0  0.00  0  0   5.470  -7.270   0.005  -0.887   1.907   0.000 01O000M000 t
00048 TYR-1A0020_003 f 0.00 -1.000     0 10.20  0 -1   5.470  -7.270   0.005   0.314   5.933  -0.500 -1O000M000 t
00049 ARG01A0021_001 f 0.00  0.000     0  0.00  0  0   2.019  -0.672   1.155   0.045   0.399   0.000 01O000M000 t
00050 ARG02A0021_002 f 0.00  0.000     0  0.00  0  0   1.993  -0.632   1.155   0.140   1.778   0.000 02O000M000 t
00051 ARG03A0021_003 f 0.00  0.000     0  0.00  0  0   1.987  -0.688   1.155   0.040   1.469   0.000 03O000M000 t
00052 ARG+1A0021_004 f 0.00  1.000     0 12.50  0  1   1.943  -0.694   1.155  -0.087   0.792   0.000 +1O000M000 t
00053 TYR01A0023_001 f 0.00  0.000     0  0.00  0  0   4.897  -7.110   0.119  -0.582   0.917   0.000 01O000M000 t
00054 TYR-1A0023_002 f 0.00 -1.000     0 10.20  0 -1   4.897  -7.110   0.119  -2.116   3.603  -0.500 -1O000M000 t
00055 SER01A0024_001 f 0.00  0.000     0  0.00  0  0   0.000  -1.348   0.394  -0.354   0.682   0.000 01O000M000 t
00056 SER01A0024_002 f 0.00  0.000     0  0.00  0  0   0.000  -1.348   0.019  -0.875   0.326   0.000 01O000M000 t
00057 SER01A0024_003 f 0.00  0.000     0  0.00  0  0   0.000  -0.213   0.230  -0.502  -0.095   0.000 01O001M000 t
00058 LEU01A0025_001 f 0.00  0.000     0  0.00  0  0   1.947  -5.658   0.631   0.000   0.000   0.000 01O000M000 t
00059 ASN01A0027_001 f 0.00  0.000     0  0.00  0  0   0.573  -3.323   1.466   0.310   1.642   0.000 01O000M000 t
00060 ASN01A0027_002 f 0.00  0.000     0  0.00  0  0   0.414  -3.028   1.421   0.234   1.442   0.000 01R001M000 t
00061 TRP01A0028_001 f 0.00  0.000     0  0.00  0  0   3.014 -10.585   0.001   0.000   0.000   0.000 01O000M000 t
00062 VAL01A0029_001 f 0.00  0.000     0  0.00  0  0   0.696  -3.680   0.020   0.000   0.000   0.000 01O000M000 t
00063 CYD01A0030_001 f 0.00  0.000     0  0.00  0  0   0.000  -3.980   0.000   0.000   0.000   0.000 01O000M000 t
00064 ALA01A0031_001 f 0.00  0.000     0  0.00  0  0   0.000  -1.977   0.000   0.000   0.000   0.000 01O000M000 t
00065 ALA01A0032_001 f 0.00  0.000     0  0.00  0  0   0.000  -2.113   0.000   0.000   0.000   0.000 01O000M000 t
00066 LYS01A0033_001 f 0.00  0.000     0  0.00  0  0   0.689  -2.300   1.079  -0.055   0.246   0.000 01O000M000 t
00067 LYS+1A0033_002 f 0.00  1.000     0 10.40  0  1   0.642  -2.311   1.079   0.016   1.082   0.400 +1O000M000 t
00068 PHE01A0034_001 f 0.00  0.000     0  0.00  0  0   5.160  -5.069   0.112   0.000   0.000   0.000 01O000M000 t
00069 GLU01A0035_001 f 0.00  0.000     0  0.00  0  0   2.062  -6.408   3.293  -0.967   1.795   0.000 01O000M000 t
00070 GLU01A0035_002 f 0.00  0.000     0  0.00  0  0   2.062  -6.408   0.573  -1.299   1.375   0.000 01O000M000 t
00071 GLU02A0035_003 f 0.00  0.000     0  0.00  0  0   1.629  -6.500   3.293   1.389   1.854   0.000 02O000M000 t
00072 GLU02A0035_004 f 0.00  0.000     0  0.00  0  0   1.629  -6.500   0.573  -0.131   1.245   0.000 02O000M000 t
00073 GLU-1A0035_005 f 0.00 -1.000     0  4.75  0 -1   1.573  -6.495   0.573  -2.809   4.319  -0.300 -1O000M000 t
00074 SER01A0036_001 f 0.00  0.000     0  0.00  0  0   0.000  -2.859   0.453  -1.785   1.977   0.000 01O000M000 t
00075 ASN01A0037_001 f 0.00  0.000     0  0.00  0  0   0.439   1.914   1.858   0.043   0.543   0.000 01O000M000 t
00076 PHE01A0038_001 f 0.00  0.000     0  0.00  0  0   5.515  -6.499   0.018   0.000   0.000   0.000 01O000M000 t
00077 ASN01A0039_001 f 0.00  0.000     0  0.00  0  0   0.241  -2.906   0.272  -1.629   1.014   0.000 01O000M000 t
00078 ASN01A0039_002 f 0.00  0.000     0  0.00  0  0   0.050  -0.555   0.241   2.083   0.769   0.000 01R001M000 t
00079 THR01A0040_001 f 0.00  0.000     0  0.00  0  0   0.284  -4.206   0.418  -0.194   1.691   0.000 01O000M000 t
00080 THR01A0040_002 f 0.00  0.000     0  0.00  0  0   0.284  -4.206   0.418   0.330   1.291   0.000 01O000M000 t
00081 GLN01A0041_001 f 0.00  0.000     0  0.00  0  0   0.371  -0.382   1.657  -0.008   0.214   0.000 01O000M000 t
00082 GLN01A0041_002 f 0.00  0.000     0  0.00  0  0   0.297  -0.416   1.258   0.133  -0.172   0.000 01T001M000 t
00083 ALA01A0042_001 f 0.00  0.000     0  0.00  0  0   0.000  -2.218   0.000   0.000   0.000   0.000 01O000M000 t
00084 THR01A0043_001 f 0.00  0.000     0  0.00  0  0   0.231  -1.854   0.376  -0.451   0.036   0.000 01O000M000 t
00085 THR01A0043_002 f 0.00  0.000     0  0.00  0  0   0.231  -1.854   0.376  -0.205   0.343   0.000 01O000M000 t
00086 THR01A0043_003 f 0.00  0.000     0  0.00  0  0   0.581  -1.964   0.024   0.235   0.343   0.000 01O001M000 t
00087 ASN01A0044_001 f 0.00  0.000     0  0.00  0  0   0.768  -2.566   0.609   0.260   0.740   0.000 01O000M000 t
00088 ASN01A0044_002 f 0.00  0.000     0  0.00  0  0   0.416  -2.066   0.877   0.193   0.394   0.000 01R001M000 t
00089 ARG01A0045_001 f 0.00  0.000     0  0.00  0  0   1.023  -1.272   0.901  -0.064   0.723   0.000 01O000M000 t
00090 ARG02A0045_002 f 0.00  0.000     0  0.00  0  0   1.094  -1.268   0.901  -0.063   1.445   0.000 02O000M000 t
00091 ARG03A0045_003 f 0.00  0.000     0  0.00  0  0   1.002  -1.274   0.901  -0.030   1.659   0.000 03O000M000 t
00092 ARG+1A0045_004 f 0.00  1.000     0 12.50  0  1   0.961  -1.277   0.901   0.138   0.515   0.000 +1O000M000 t
00093 ASN01A0046_001 f 0.00  0.000     0  0.00  0  0   0.453  -4.048   0.766   0.795   1.709   0.000 01O000M000 t
00094 ASN01A0046_002 f 0.00  0.000     0  0.00  0  0   0.313  -3.436   0.852  -0.092   0.892   0.000 01R001M000 t
00095 THR01A0047_001 f 0.00  0.000     0  0.00  0  0   0.139   0.766   0.433  -0.030  -0.006   0.000 01O000M000 t
00096 THR01A0047_002 f 0.00  0.000     0  0.00  0  0   0.139   0.766   0.432  -0.197   0.066   0.000 01O000M000 t
00097 ASP01A0048_001 f 0.00  0.000     0  0.00  0  0   0.072   0.899   2.912   3.222   1.268   0.000 01O000M000 t
00098 ASP01A0048_002 f 0.00  0.000     0  0.00  0  0   0.072   0.899   0.202   0.086   1.330   0.000 01O000M000 t
00099 ASP01A0048_003 f 0.00  0.000     0  0.00  0  0   0.072   0.201   2.792   3.376   1.241   0.000 01X000M000 t
00100 ASP01A0048_004 f 0.00  0.000     0  0.00  0  0   0.072   0.012   0.051   0.003   1.241   0.000 01X000M000 t
00101 ASP01A0048_005 f 0.00  0.000     0  0.00  0  0   0.072   0.200   0.070   0.064   1.290   0.000 01T000M000 t
00102 ASP01A0048_006 f 0.00  0.000     0  0.00  0  0   0.072   0.013   0.041   0.042   1.271   0.000 01T000M000 t
00103 ASP02A0048_007 f 0.00  0.000     0  0.00  0  0   0.142  -0.218   2.912  -2.073   0.787   0.000 02O000M000 t
00104 ASP02A0048_008 f 0.00  0.000     0  0.00  0  0   0.142  -0.218   0.192  -1.842   2.010   0.000 02O000M000 t
00105 ASP-1A0048_009 f 0.00 -1.000     0  4.75  0 -1   0.068  -0.155   0.192  -5.395   5.194  -0.850 -1O000M000 t
00106 ASP-1A0048_010 f 0.00 -1.000     0  4.75  0 -1   0.068  -0.773   0.046  -5.253   4.973  -0.850 -1X000M000 t
00107 SER01A0050_001 f 0.00  0.000     0  0.00  0  0   0.000  -1.675   0.719  -0.248   1.599   0.000 01O000M000 t
00108 SER01A0050_002 f 0.00  0.000     0  0.00  0  0   0.000  -1.602   0.359  -0.218   1.936   0.000 01O001M000 t
00109 SER01A0050_003 f 0.00  0.000     0  0.00  0  0   0.000  -1.674   0.735   0.123   1.652   0.000 01O000M000 t
00110 SER01A0050_004 f 0.00  0.000     0  0.00  0  0   0.000  -1.674   0.360  -1.391   0.751   0.000 01O000M000 t
00111 SER01A0050_005 f 0.00  0.000     0  0.00  0  0   0.000  -1.558   0.008  -0.681   1.812   0.000 01O001M000 t
00112 SER01A0050_006 f 0.00  0.000     0  0.00  0  0   0.000  -1.674   0.735  -0.172   1.593   0.000 01T000M000 t
00113 SER01A0050_007 f 0.00  0.000     0  0.00  0  0   0.000  -1.909   0.379   0.204   1.632   0.000 01T000M000 t
00114 SER01A0050_008 f 0.00  0.000     0  0.00  0  0   0.000  -1.909   0.379  -0.199   1.582   0.000 01T000M000 t
00115 SER01A0050_009 f 0.00  0.000     0  0.00  0  0   0.000  -1.909   0.004  -1.353   0.756   0.000 01T000M000 t
00116 THR01A0051_001 f 0.00  0.000     0  0.00  0  0   0.310  -3.381   0.376  -0.245   1.185   0.000 01O000M000 t
00117 THR01A0051_002 f 0.00  0.000     0  0.00  0  0   0.310  -3.381   0.376  -0.250   1.034   0.000 01O000M000 t
00118 ASP01A0052_001 f 0.00  0.000     0  0.00  0  0   0.472  -4.434   3.269   1.008   1.543   0.000 01O000M000 t
00119 ASP01A0052_002 f 0.00  0.000     0  0.00  0  0   0.472  -4.433   0.549   0.223   0.986   0.000 01O000M000 t
00120 ASP01A0052_003 f 0.00  0.000     0  0.00  0  0   0.362  -3.844   3.026   1.100   1.592   0.000 01T000M000 t
00121 ASP01A0052_004 f 0.00  0.000     0  0.00  0  0   0.362  -3.844   0.306   0.224   1.027   0.000 01T000M000 t
00122 ASP02A0052_005 f 0.00  0.000     0  0.00  0  0   0.618  -4.650   3.269   0.074   1.255   0.000 02O000M000 t
00123 ASP02A0052_006 f 0.00  0.000     0  0.00  0  0   0.618  -4.650   0.549  -0.042   1.458   0.000 02O000M000 t
00124 ASP-1A0052_007 f 0.00 -1.000     0  4.75  0 -1   0.450  -4.562   0.549  -1.696   4.059  -0.850 -1O000M000 t
00125 TYR01A0053_001 f 0.00  0.000     0  0.00  0  0   5.083  -9.356   0.097  -0.229   1.684   0.000 01O000M000 t
00126 TYR01A0053_002 f 0.00  0.000     0  0.00  0  0   5.084  -9.355   0.101   0.369   1.883   0.000 01O000M000 t
00127 TYR-1A0053_003 f 0.00 -1.000     0 10.20  0 -1   5.085  -9.355   0.097  -1.235   7.133  -0.500 -1O000M000 t
00128 ILE01A0055_001 f 0.00  0.000     0  0.00  0  0   1.667  -5.066   1.250   0.000   0.000   0.000 01O000M000 t
00129 LEU01A0056_001 f 0.00  0.000     0  0.00  0  0   1.838  -2.844   0.876   0.000   0.000   0.000 01O000M000 t
00130 GLN01A0057_001 f 0.00  0.000     0  0.00  0  0   0.743  -6.768   1.671  -1.778   2.354   0.000 01O000M000 t
00131 GLN01A0057_002 f 0.00  0.000     0  0.00  0  0   0.698  -7.385   1.698   1.019   2.354   0.000 01R001M000 t
00132 ILE01A0058_001 f 0.00  0.000     0  0.00  0  0   1.818  -3.840   0.628   0.000   0.000   0.000 01O000M000 t
00133 ASN01A0059_001 f 0.00  0.000     0  0.00  0  0   0.430  -4.505   1.213  -0.999   1.538   0.000 01O000M000 t
00134 ASN01A0059_002 f 0.00  0.000     0  0.00  0  0   0.418  -3.733   1.215   0.649   1.594   0.000 01R001M000 t
00135 ASN01A0059_003 f 0.00  0.000     0  0.00  0  0   0.383  -4.869   1.077  -0.472   1.761   0.000 01X000M000 t
00136 SER01A0060_001 f 0.00  0.000     0  0.00  0  0   0.000  -2.046   0.403   2.164   1.958   0.000 01O000M000 t
00137 SER01A0060_002 f 0.00  0.000     0  0.00  0  0   0.000  -2.046   0.401  -0.715   1.967   0.000 01O000M000 t
00138 SER01A0060_003 f 0.00  0.000     0  0.00  0  0   0.000  -2.046   0.043  -1.327   1.821   0.000 01O000M000 t
00139 ARG01A0061_001 f 0.00  0.000     0  0.00  0  0   1.492  -5.055   0.583  -0.465   1.660   0.000 01O000M000 t
00140 ARG02A0061_002 f 0.00  0.000     0  0.00  0  0   1.440  -5.031   0.583  -0.219   2.733   0.000 02O000M000 t
00141 ARG03A0061_003 f 0.00  0.000     0  0.00  0  0   1.434  -4.986   0.583   0.058   2.363   0.000 03O000M000 t
00142 ARG03A0061_004 f 0.00  0.000     0  0.00  0  0   1.441  -5.041   0.583  -0.646   2.583   0.000 03O000M000 t
00143 ARG+1A0061_005 f 0.00  1.000     0 12.50  0  1   1.395  -5.069   0.583   0.561   2.195   0.000 +1O000M000 t
00144 TRP01A0062_001 f 0.00  0.000     0  0.00  0  0   2.749  -1.916   0.352   0.000   0.000   0.000 01O000M000 t
00145 TRP01A0063_001 f 0.00  0.000     0  0.00  0  0   3.119  -9.478   0.018   0.000   0.000   0.000 01O000M000 t
00146 CYD01A0064_001 f 0.00  0.000     0  0.00  0  0   0.000  -4.697   0.000   0.000   0.000   0.000 01O000M000 t
00147 ASN01A0065_001 f 0.00  0.000     0  0.00  0  0   0.459  -2.387   0.329  -0.903   0.598   0.000 01O000M000 t
00148 ASN01A0065_002 f 0.00  0.000     0  0.00  0  0   0.174  -0.795   0.278   1.283   0.455   0.000 01T001M000 t
00149 ASP01A0066_001 f 0.00  0.000     0  0.00  0  0   0.173  -2.204   2.882   2.663   1.947   0.000 01O000M000 t
00150 ASP01A0066_002 f 0.00  0.000     0  0.00  0  0   0.173  -2.204   0.172   0.014   1.977   0.000 01O000M000 t
00151 ASP01A0066_003 f 0.00  0.000     0  0.00  0  0   0.174  -2.203   0.162   0.015   2.036   0.000 01T000M000 t
00152 ASP01A0066_004 f 0.00  0.000     0  0.00  0  0   0.172  -2.408   0.112   0.023   2.098   0.000 01T000M000 t
00153 ASP02A0066_005 f 0.00  0.000     0  0.00  0  0   0.274  -2.961   2.882  -1.418   2.402   0.000 02O000M000 t
00154 ASP02A0066_006 f 0.00  0.000     0  0.00  0  0   0.275  -2.960   0.162  -1.418   2.270   0.000 02O000M000 t
00155 ASP-1A0066_007 f 0.00 -1.000     0  4.75  0 -1   0.168  -2.850   0.162  -5.886   8.741  -0.850 -1O000M000 t
00156 ARG01A0068_001 f 0.00  0.000     0  0.00  0  0   0.362  -2.450   1.174  -0.035   1.125   0.000 01O000M000 t
00157 ARG02A0068_002 f 0.00  0.000     0  0.00  0  0   0.320  -2.465   1.174  -0.060   2.021   0.000 02O000M000 t
00158 ARG03A0068_003 f 0.00  0.000     0  0.00  0  0   0.318  -2.464   1.174  -0.121   1.912   0.000 03O000M000 t
00159 ARG+1A0068_004 f 0.00  1.000     0 12.50  0  1   0.277  -2.472   1.174   0.038   1.334   0.000 +1O000M000 t
00160 THR01A0069_001 f 0.00  0.000     0  0.00  0  0   0.294  -4.165   0.378  -1.025   1.527   0.000 01O000M000 t
00161 THR01A0069_002 f 0.00  0.000     0  0.00  0  0   0.294  -4.165   0.371   0.221   1.775   0.000 01O000M000 t
00162 THR01A0069_003 f 0.00  0.000     0  0.00  0  0   0.294  -4.165   0.013   0.392   1.839   0.000 01O000M000 t
00163 THR01A0069_004 f 0.00  0.000     0  0.00  0  0   0.294  -3.938   0.358   0.143   1.764   0.000 01X000M000 t
00164 THR01A0069_005 f 0.00  0.000     0  0.00  0  0   0.293  -3.949   0.376   0.034   1.697   0.000 01T000M000 t
00165 PRO01A0070_001 f 0.00  0.000     0  0.00  0  0   0.227  -1.373   0.000   0.000   0.000   0.000 01O000M000 t
00166 SER01A0072_001 f 0.00  0.000     0  0.00  0  0   0.000  -2.912   0.455   0.016   0.947   0.000 01O000M000 t
00167 ARG01A0073_001 f 0.00  0.000     0  0.00  0  0   1.893  -3.359   0.864   0.096   0.650   0.000 01O000M000 t
00168 ARG02A0073_002 f 0.00  0.000     0  0.00  0  0   1.852  -3.377   0.864  -0.007   1.901   0.000 02O000M000 t
00169 ARG03A0073_003 f 0.00  0.000     0  0.00  0  0   1.846  -3.377   0.864  -0.024   1.333   0.000 03O000M000 t
00170 ARG+1A0073_004 f 0.00  1.000     0 12.50  0  1   1.806  -3.378   0.864  -0.105   1.044   0.000 +1O000M000 t
00171 ASN01A0074_001 f 0.00  0.000     0  0.00  0  0   0.203  -4.274   0.552  -2.316   2.220   0.000 01O000M000 t
00172 ASN01A0074_002 f 0.00  0.000     0  0.00  0  0   0.025  -1.624   0.484   3.320   1.973   0.000 01T001M000 t
00173 LEU01A0075_001 f 0.00  0.000     0  0.00  0  0   1.502  -2.014   0.407   0.000   0.000   0.000 01O000M000 t
00174 CYD01A0076_001 f 0.00  0.000     0  0.00  0  0   0.000  -1.267   0.000   0.000   0.000   0.000 01O000M000 t
00175 ASN01A0077_001 f 0.00  0.000     0  0.00  0  0   0.332   2.123   0.789  -0.013   0.069   0.000 01O000M000 t
00176 ASN01A0077_002 f 0.00  0.000     0  0.00  0  0   0.104   3.443   0.721   0.495  -0.010   0.000 01T001M000 t
00177 ILE01A0078_001 f 0.00  0.000     0  0.00  0  0   2.424  -2.693   0.582   0.000   0.000   0.000 01O000M000 t
00178 PRO01A0079_001 f 0.00  0.000     0  0.00  0  0   0.178  -1.832   0.000   0.000   0.000   0.000 01O000M000 t
00179 CYD01A0080_001 f 0.00  0.000     0  0.00  0  0   0.000  -3.826   0.000   0.000   0.000   0.000 01O000M000 t
00180 SER01A0081_001 f 0.00  0.000     0  0.00  0  0   0.000  -0.742   0.384   0.238   0.697   0.000 01O000M000 t
00181 ALA01A0082_001 f 0.00  0.000     0  0.00  0  0   0.000  -1.087   0.000   0.000   0.000   0.000 01O000M000 t
00182 LEU01A0083_001 f 0.00  0.000     0  0.00  0  0   1.903  -5.173   0.425   0.000   0.000   0.000 01O000M000 t
00183 LEU01A0084_001 f 0.00  0.000     0  0.00  0  0   1.768  -6.025   0.408   0.000   0.000   0.000 01O000M000 t
00184 SER01A0085_001 f 0.00  0.000     0  0.00  0  0   0.000   0.639   0.368  -0.395   0.999   0.000 01O000M000 t
00185 SER01A0085_002 f 0.00  0.000     0  0.00  0  0   0.000   0.639   0.364  -2.127   1.241   0.000 01O000M000 t
00186 SER01A0085_003 f 0.00  0.000     0  0.00  0  0   0.000  -1.659   0.599  -0.765  -0.144   0.000 01O001M000 t
00187 SER01A0086_001 f 0.00  0.000     0  0.00  0  0   0.000  -0.492   0.551  -0.185   0.817   0.000 01O000M000 t
00188 SER01A0086_002 f 0.00  0.000     0  0.00  0  0   0.000  -0.492   0.551  -0.114   0.111   0.000 01O000M000 t
00189 SER01A0086_003 f 0.00  0.000     0  0.00  0  0   0.000  -0.482   0.041  -0.631  -0.142   0.000 01O001M000 t
00190 ASP01A0087_001 f 0.00  0.000     0  0.00  0  0   0.819  -2.374   3.569   1.008   0.024   0.000 01O000M000 t
00191 ASP01A0087_002 f 0.00  0.000     0  0.00  0  0   0.819  -2.374   0.849   0.778   1.147   0.000 01O000M000 t
00192 ASP01A0087_003 f 0.00  0.000     0  0.00  0  0   0.568  -2.022   0.356   0.593   1.073   0.000 01X000M000 t
00193 ASP01A0087_004 f 0.00  0.000     0  0.00  0  0   0.568  -2.021   3.076   1.237  -0.023   0.000 01T000M000 t
00194 ASP02A0087_005 f 0.00  0.000     0  0.00  0  0   1.075  -2.568   3.569   0.079  -0.080   0.000 02O000M000 t
00195 ASP02A0087_006 f 0.00  0.000     0  0.00  0  0   1.075  -2.568   0.849   0.167   1.160   0.000 02O000M000 t
00196 ASP02A0087_007 f 0.00  0.000     0  0.00  0  0   0.692  -2.017   0.320  -0.150   1.179   0.000 02X000M000 t
00197 ASP02A0087_008 f 0.00  0.000     0  0.00  0  0   0.691  -2.018   3.005  -0.202  -0.178   0.000 02T000M000 t
00198 ASP-1A0087_009 f 0.00 -1.000     0  4.75  0 -1   0.799  -2.496   0.849  -2.457   1.805  -0.850 -1O000M000 t
00199 ASP-1A0087_010 f 0.00 -1.000     0  4.75  0 -1   0.523  -2.148   0.292  -2.365   1.710  -0.850 -1X000M000 t
00200 ILE01A0088_001 f 0.00  0.000     0  0.00  0  0   1.605  -1.819   0.570   0.000   0.000   0.000 01O000M000 t
00201 THR01A0089_001 f 0.00  0.000     0  0.00  0  0   0.316   0.274   0.458  -0.497   0.915   0.000 01O000M000 t
00202 THR01A0089_002 f 0.00  0.000     0  0.00  0  0   2.046  -0.343   0.558   0.281   0.922   0.000 01O001M000 t
00203 THR01A0089_003 f 0.00  0.000     0  0.00  0  0   0.316   0.275   0.459   0.546   1.147   0.000 01O000M000 t
00204 THR01A0089_004 f 0.00  0.000     0  0.00  0  0   0.316   0.275   0.101  -0.896   0.546   0.000 01O000M000 t
00205 THR01A0089_005 f 0.00  0.000     0  0.00  0  0   2.056  -0.379   0.558  -0.427   0.496   0.000 01O001M000 t
00206 THR01A0089_006 f 0.00  0.000     0  0.00  0  0   0.803  -0.343   0.393   0.484   0.875   0.000 01T001M000 t
00207 THR01A0089_007 f 0.00  0.000     0  0.00  0  0   0.803  -0.303   0.401  -0.078   0.599   0.000 01T001M000 t
00208 THR01A0089_008 f 0.00  0.000     0  0.00  0  0   0.803  -0.303   0.026  -1.168   0.197   0.000 01T001M000 t
00209 ALA01A0090_001 f 0.00  0.000     0  0.00  0  0   0.000  -1.321   0.000   0.000   0.000   0.000 01O000M000 t
00210 SER01A0091_001 f 0.00  0.000     0  0.00  0  0   0.000  -3.108   0.584   0.212   1.608   0.000 01O000M000 t
00211 VAL01A0092_001 f 0.00  0.000     0  0.00  0  0   0.602  -1.282   0.275   0.000   0.000   0.000 01O000M000 t
00212 ASN01A0093_001 f 0.00  0.000     0  0.00  0  0   0.262  -2.592   0.472   0.216   0.585   0.000 01O000M000 t
00213 ASN01A0093_002 f 0.00  0.000     0  0.00  0  0   0.066  -1.483   0.438   0.314   0.662   0.000 01R001M000 t
00214 CYD01A0094_001 f 0.00  0.000     0  0.00  0  0   0.000  -3.681   0.000   0.000   0.000   0.000 01O000M000 t
00215 ALA01A0095_001 f 0.00  0.000     0  0.00  0  0   0.000  -1.626   0.000   0.000   0.000   0.000 01O000M000 t
00216 LYS01A0096_001 f 0.00  0.000     0  0.00  0  0   0.938  -4.161   1.150   0.135   0.249   0.000 01O000M000 t
00217 LYS+1A0096_002 f 0.00  1.000     0 10.40  0  1   0.886  -4.134   1.150  -1.990   1.970   0.400 +1O000M000 t
00218 LYS01A0097_001 f 0.00  0.000     0  0.00  0  0   1.002  -3.876   1.377   0.016  -0.050   0.000 01O000M000 t
00219 LYS+1A0097_002 f 0.00  1.000     0 10.40  0  1   0.956  -3.884   1.377  -0.361   0.050   0.400 +1O000M000 t
00220 ILE01A0098_001 f 0.00  0.000     0  0.00  0  0   1.555  -2.781   0.561   0.000   0.000   0.000 01O000M000 t
00221 VAL01A0099_001 f 0.00  0.000     0  0.00  0  0   0.449   1.064   0.076   0.000   0.000   0.000 01O000M000 t
00222 SER01A0100_001 f 0.00  0.000     0  0.00  0  0   0.000  -1.842   0.552   0.044   0.418   0.000 01O000M000 t
00223 SER01A0100_002 f 0.00  0.000     0  0.00  0  0   0.000  -1.842   0.552  -1.142   1.380   0.000 01O000M000 t
00224 SER01A0100_003 f 0.00  0.000     0  0.00  0  0   0.000  -1.842   0.177  -0.075   0.286   0.000 01O000M000 t
00225 ASP01A0101_001 f 0.00  0.000     0  0.00  0  0   0.095   2.864   4.091   0.348   0.329   0.000 01O000M000 t
00226 ASP01A0101_002 f 0.00  0.000     0  0.00  0  0   0.095   2.864   1.371   0.088   0.886   0.000 01O000M000 t
00227 ASP02A0101_003 f 0.00  0.000     0  0.00  0  0   0.173   1.848   4.091   0.134   1.133   0.000 02O000M000 t
00228 ASP02A0101_004 f 0.00  0.000     0  0.00  0  0   0.173   1.848   1.371   0.055   0.979   0.000 02O000M000 t
00229 ASP-1A0101_005 f 0.00 -1.000     0  4.75  0 -1   0.092   1.914   1.371   0.228   2.343  -0.850 -1O000M000 t
00230 ASN01A0103_001 f 0.00  0.000     0  0.00  0  0   0.394  -2.438   1.064  -1.007   1.074   0.000 01O000M000 t
00231 ASN01A0103_002 f 0.00  0.000     0  0.00  0  0   0.430  -2.282   1.004   0.637   0.988   0.000 01R001M000 t
00232 MET01A0105_001 f 0.00  0.000     0  0.00  0  0   0.404  -3.587   1.107   0.051   0.097   0.000 01O000M000 t
00233 ASN01A0106_001 f 0.00  0.000     0  0.00  0  0   0.335  -1.564   0.915   0.349   1.054   0.000 01O000M000 t
00234 ASN01A0106_002 f 0.00  0.000     0  0.00  0  0   0.611  -1.798   1.081   0.232   0.870   0.000 01R001M000 t
00235 ALA01A0107_001 f 0.00  0.000     0  0.00  0  0   0.000  -1.246   0.000   0.000   0.000   0.000 01O000M000 t
00236 TRP01A0108_001 f 0.00  0.000     0  0.00  0  0   3.153  -9.032   0.337   0.000   0.000   0.000 01O000M000 t
00237 VAL01A0109_001 f 0.00  0.000     0  0.00  0  0   0.655   0.527   0.064   0.000   0.000   0.000 01O000M000 t
00238 VAL01A0109_002 f 0.00  0.000     0  0.00  0  0   0.683   0.643   0.006   0.000   0.000   0.000 01O001M000 t
00239 ALA01A0110_001 f 0.00  0.000     0  0.00  0  0   0.000  -2.154   0.000   0.000   0.000   0.000 01O000M000 t
00240 TRP01A0111_001 f 0.00  0.000     0  0.00  0  0   3.073 -12.189   0.000   0.000   0.000   0.000 01O000M000 t
00241 ARG01A0112_001 f 0.00  0.000     0  0.00  0  0   2.124  -5.353   2.396  -0.558   1.595   0.000 01O000M000 t
00242 ARG02A0112_002 f 0.00  0.000     0  0.00  0  0   2.107  -5.429   2.396  -0.980   2.089   0.000 02O000M000 t
00243 ARG03A0112_003 f 0.00  0.000     0  0.00  0  0   2.050  -5.413   2.396  -0.964   2.304   0.000 03O000M000 t
00244 ARG03A0112_004 f 0.00  0.000     0  0.00  0  0   2.056  -5.377   2.396   0.260   1.809   0.000 03O000M000 t
00245 ARG+1A0112_005 f 0.00  1.000     0 12.50  0  1   2.010  -5.436   2.396  -1.084   3.077   0.000 +1O000M000 t
00246 ASN01A0113_001 f 0.00  0.000     0  0.00  0  0   0.189  -2.902   0.449   0.185   0.306   0.000 01O000M000 t
00247 ASN01A0113_002 f 0.00  0.000     0  0.00  0  0   0.022  -2.412   0.461   0.246   0.180   0.000 01R001M000 t
00248 ARG01A0114_001 f 0.00  0.000     0  0.00  0  0   2.806  -1.608   0.769   0.038   0.490   0.000 01O000M000 t
00249 ARG02A0114_002 f 0.00  0.000     0  0.00  0  0   2.739  -1.624   0.769  -0.004   1.616   0.000 02O000M000 t
00250 ARG03A0114_003 f 0.00  0.000     0  0.00  0  0   2.734  -1.626   0.769  -0.011   1.494   0.000 03O000M000 t
00251 ARG+1A0114_004 f 0.00  1.000     0 12.50  0  1   2.695  -1.627   0.769  -0.100   0.360   0.000 +1O000M000 t
00252 CYD01A0115_001 f 0.00  0.000     0  0.00  0  0   0.000  -4.153   0.000   0.000   0.000   0.000 01O000M000 t
00253 LYS01A0116_001 f 0.00  0.000     0  0.00  0  0   2.123  -3.517   0.936  -0.051   0.208   0.000 01O000M000 t
00254 LYS+1A0116_002 f 0.00  1.000     0 10.40  0  1   2.072  -3.522   0.936   0.112   0.800   0.400 +1O000M000 t
00255 THR01A0118_001 f 0.00  0.000     0  0.00  0  0   0.174  -1.349   0.788  -2.108   1.541   0.000 01O000M000 t
00256 THR01A0118_002 f 0.00  0.000     0  0.00  0  0   0.174  -1.349   0.412  -0.523   1.046   0.000 01O000M000 t
00257 ASP01A0119_001 f 0.00  0.000     0  0.00  0  0   0.083   2.836   3.043   1.347   0.455   0.000 01O000M000 t
00258 ASP01A0119_002 f 0.00  0.000     0  0.00  0  0   0.083   2.836   0.323   0.344   1.095   0.000 01O000M000 t
00259 ASP02A0119_003 f 0.00  0.000     0  0.00  0  0   0.146   1.732   3.043  -0.784   0.110   0.000 02O000M000 t
00260 ASP02A0119_004 f 0.00  0.000     0  0.00  0  0   0.147   1.731   0.323  -0.590   1.601   0.000 02O000M000 t
00261 ASP-1A0119_005 f 0.00 -1.000     0  4.75  0 -1   0.074   1.797   0.323  -2.194   2.799  -0.850 -1O000M000 t
00262 VAL01A0120_001 f 0.00  0.000     0  0.00  0  0   0.539  -3.713   0.078   0.000   0.000   0.000 01O000M000 t
00263 GLN01A0121_001 f 0.00  0.000     0  0.00  0  0   0.961   0.969   1.159   0.063   0.080   0.000 01O000M000 t
00264 GLN01A0121_002 f 0.00  0.000     0  0.00  0  0   0.723   1.548   0.793   0.159  -0.219   0.000 01R001M000 t
00265 ALA01A0122_001 f 0.00  0.000     0  0.00  0  0   0.000  -0.991   0.000   0.000   0.000   0.000 01O000M000 t
00266 TRP01A0123_001 f 0.00  0.000     0  0.00  0  0   2.972  -8.090   0.246   0.000   0.000   0.000 01O000M000 t
00267 ILE01A0124_001 f 0.00  0.000     0  0.00  0  0   2.445  -2.796   0.516   0.000   0.000   0.000 01O000M000 t
00268 ARG01A0125_001 f 0.00  0.000     0  0.00  0  0   2.042  -4.804   0.797  -0.132   1.203   0.000 01O000M000 t
00269 ARG02A0125_002 f 0.00  0.000     0  0.00  0  0   2.042  -4.810   0.797  -0.012   1.888   0.000 02O000M000 t
00270 ARG03A0125_003 f 0.00  0.000     0  0.00  0  0   1.978  -4.792   0.797  -0.241   1.818   0.000 03O000M000 t
00271 ARG03A0125_004 f 0.00  0.000     0  0.00  0  0   1.986  -4.796   0.797  -0.186   1.748   0.000 03O000M000 t
00272 ARG+1A0125_005 f 0.00  1.000     0 12.50  0  1   1.938  -4.821   0.797   0.362   1.216   0.000 +1O000M000 t
00273 CYD01A0127_001 f 0.00  0.000     0  0.00  0  0   0.000  -3.388   0.000   0.000   0.000   0.000 01O000M000 t
00274 ARG01A0128_001 f 0.00  0.000     0  0.00  0  0   0.316   1.198   5.594   0.024   0.176   0.000 01O000M000 t
00275 ARG01A0128_002 f 0.00  0.000     0  0.00  0  0   0.280   0.578  23.543   0.024   0.215   0.000 01X000M000 t
00276 ARG02A0128_003 f 0.00  0.000     0  0.00  0  0   0.434   1.199   5.594   0.023  -0.288   0.000 02O000M000 t
00277 ARG03A0128_004 f 0.00  0.000     0  0.00  0  0   0.425   1.197   5.594   0.020   0.802   0.000 03O000M000 t
00278 ARG+1A0128_005 f 0.00  1.000     0 12.50  0  1   0.374   1.196   5.594   0.140  -0.730   0.000 +1O000M000 t
00279 LEU01A0129_001 f 0.00  0.000     0  0.00  0  0   1.642   1.387   1.829   0.000   0.000   0.000 01O000M000 t
00280 CTR01A0129_001 f 0.00  0.000     0  0.00  0  0  -0.025   0.973   2.720  -0.229   0.356   0.000 01O000M000 t
00281 CTR01A0129_002 f 0.00  0.000     0  0.00  0  0   0.152  -0.356   0.000  -0.077  -0.465   0.000 01O000M000 t
00282 CTR02A0129_003 f 0.00  0.000     0  0.00  0  0  -0.025  -0.141   2.720   0.040  -1.053   0.000 02O000M000 t
00283 CTR02A0129_004 f 0.00  0.000     0  0.00  0  0   0.167  -0.330   0.000  -0.027  -0.388   0.000 02O000M000 t
00284 CTR-1A0129_005 f 0.00 -1.000     0  3.75  0 -1   0.000  -0.276   0.000  -0.108   1.598   0.000 -1O000M000 t
